============================
Default format
============================
-0.999969 0.0224213 -0.868931 -0.811822
-0.473849  0.834601 -0.124163 -0.284541

============================
Matlab format
============================
[-0.9999686954542557, 0.02242128880101446, -0.8689310511605782, -0.8118215358981232;
-0.4738488478686411,  0.8346005284710796, -0.1241632548032746, -0.2845411327917238];


============================
Still Matlab format
============================
[-0.9999686954542557, 0.02242128880101446, -0.8689310511605782, -0.8118215358981232;
-0.4738488478686411,  0.8346005284710796, -0.1241632548032746, -0.2845411327917238];


============================
Some other format
============================
|-0.99997, 0.022421, -0.86893, -0.81182|
|-0.47385,   0.8346, -0.12416, -0.28454|

============================
Back to the default format
============================
-0.999969 0.0224213 -0.868931 -0.811822
-0.473849  0.834601 -0.124163 -0.284541

